<?xml version="1.0" encoding="UTF-8"?>
<testsuite xmlns:xsi="http://www.w3.org/2001/XMLSchema-instance" xsi:noNamespaceSchemaLocation="https://maven.apache.org/surefire/maven-surefire-plugin/xsd/surefire-test-report.xsd" name="com.itamar.spring.boot.rest.test.ApplicationTest" time="19.134" tests="12" errors="0" skipped="0" failures="0">
  <properties>
[...]
</properties>
  <testcase name="givenItemService_whenPostDeposit_thenItemAmountUpdated" classname="com.itamar.spring.boot.rest.test.ApplicationTest" time="0.221"/>
  <testcase name="givenItemService_whenPostForObject_thenCreatedObjectIsReturned" classname="com.itamar.spring.boot.rest.test.ApplicationTest" time="0.069"/>
  <testcase name="givenItemService_whenPostOverWithdraw_thenNotFoundReturned" classname="com.itamar.spring.boot.rest.test.ApplicationTest" time="0.186"/>
  <testcase name="givenResourceUrl_whenSendGetForRequestItem_thenStatusOk" classname="com.itamar.spring.boot.rest.test.ApplicationTest" time="0.073"/>
  <testcase name="givenResourceUrl_whenSendGetForRequestItem_thenBodyCorrect" classname="com.itamar.spring.boot.rest.test.ApplicationTest" time="0.073"/>
  <testcase name="givenItemService_whenPutChangeRequest_withoutAmmount_thenTheItemChngesAndAmountItZero" classname="com.itamar.spring.boot.rest.test.ApplicationTest" time="0.183"/>
  <testcase name="givenItemService_whenPostResource_thenResourceIsCreated" classname="com.itamar.spring.boot.rest.test.ApplicationTest" time="0.066"/>
  <testcase name="givenItemService_whenPostWithdraw_thenItemAmountUpdated" classname="com.itamar.spring.boot.rest.test.ApplicationTest" time="0.176"/>
  <testcase name="givenItemService_whenPutChangeRequest_thenTheItemChnges" classname="com.itamar.spring.boot.rest.test.ApplicationTest" time="0.204"/>
  <testcase name="givenItemService_whenDelete_thenItemIsRemoved" classname="com.itamar.spring.boot.rest.test.ApplicationTest" time="0.982"/>
  <testcase name="givenResourceUrl_whenRetrievingItem_thenCorrect" classname="com.itamar.spring.boot.rest.test.ApplicationTest" time="0.075"/>
  <testcase name="givenResourceUrl_whenRetrievingAllItems_thenStatusOk" classname="com.itamar.spring.boot.rest.test.ApplicationTest" time="0.413"/>
</testsuite>